{"C:\\Users\\Alexandre Zajac\\Desktop\\Programmation\\Training\\react-native-skeleton-content-nonexpo\\src\\Constants.ts": {"path":"C:\\Users\\Alexandre Zajac\\Desktop\\Programmation\\Training\\react-native-skeleton-content-nonexpo\\src\\Constants.ts","statementMap":{"0":{"start":{"line":1,"column":0},"end":{"line":1,"column":65}},"1":{"start":{"line":47,"column":13},"end":{"line":47,"column":47}},"2":{"start":{"line":48,"column":13},"end":{"line":48,"column":45}},"3":{"start":{"line":49,"column":13},"end":{"line":49,"column":62}},"4":{"start":{"line":50,"column":13},"end":{"line":51,"column":20}},"5":{"start":{"line":52,"column":13},"end":{"line":52,"column":52}},"6":{"start":{"line":53,"column":13},"end":{"line":53,"column":57}},"7":{"start":{"line":54,"column":13},"end":{"line":54,"column":61}},"8":{"start":{"line":55,"column":13},"end":{"line":55,"column":37}},"9":{"start":{"line":56,"column":13},"end":{"line":56,"column":36}}},"fnMap":{},"branchMap":{},"s":{"0":1,"1":1,"2":1,"3":1,"4":1,"5":1,"6":1,"7":1,"8":1,"9":1},"f":{},"b":{}}
,"C:\\Users\\Alexandre Zajac\\Desktop\\Programmation\\Training\\react-native-skeleton-content-nonexpo\\src\\SkeletonContent.tsx": {"path":"C:\\Users\\Alexandre Zajac\\Desktop\\Programmation\\Training\\react-native-skeleton-content-nonexpo\\src\\SkeletonContent.tsx","statementMap":{"0":{"start":{"line":1,"column":0},"end":{"line":1,"column":31}},"1":{"start":{"line":2,"column":0},"end":{"line":2,"column":58}},"2":{"start":{"line":3,"column":0},"end":{"line":3,"column":62}},"3":{"start":{"line":4,"column":0},"end":{"line":4,"column":null}},"4":{"start":{"line":22,"column":15},"end":{"line":36,"column":2}},"5":{"start":{"line":38,"column":24},"end":{"line":41,"column":38}},"6":{"start":{"line":39,"column":2},"end":{"line":39,"column":11}},"7":{"start":{"line":40,"column":2},"end":{"line":40,"column":8}},"8":{"start":{"line":41,"column":37},"end":{"line":44,"column":3}},"9":{"start":{"line":46,"column":24},"end":{"line":46,"column":54}},"10":{"start":{"line":46,"column":53},"end":{"line":57,"column":3}},"11":{"start":{"line":59,"column":0},"end":{"line":59,"column":null}},"12":{"start":{"line":59,"column":37},"end":{"line":59,"column":42}},"13":{"start":{"line":59,"column":0},"end":{"line":59,"column":13}},"14":{"start":{"line":64,"column":2},"end":{"line":64,"column":38}},"15":{"start":{"line":66,"column":2},"end":{"line":66,"column":41}},"16":{"start":{"line":67,"column":2},"end":{"line":67,"column":42}},"17":{"start":{"line":68,"column":2},"end":{"line":71,"column":5}},"18":{"start":{"line":73,"column":2},"end":{"line":93,"column":4}},"19":{"start":{"line":74,"column":32},"end":{"line":74,"column":46}},"20":{"start":{"line":75,"column":4},"end":{"line":91,"column":null}},"21":{"start":{"line":76,"column":6},"end":{"line":90,"column":null}},"22":{"start":{"line":83,"column":8},"end":{"line":83,"column":35}},"23":{"start":{"line":84,"column":13},"end":{"line":90,"column":null}},"24":{"start":{"line":85,"column":8},"end":{"line":85,"column":35}},"25":{"start":{"line":86,"column":13},"end":{"line":90,"column":null}},"26":{"start":{"line":87,"column":8},"end":{"line":87,"column":35}},"27":{"start":{"line":88,"column":13},"end":{"line":90,"column":null}},"28":{"start":{"line":89,"column":8},"end":{"line":89,"column":35}},"29":{"start":{"line":92,"column":4},"end":{"line":92,"column":21}},"30":{"start":{"line":95,"column":2},"end":{"line":117,"column":4}},"31":{"start":{"line":96,"column":20},"end":{"line":96,"column":34}},"32":{"start":{"line":97,"column":4},"end":{"line":115,"column":null}},"33":{"start":{"line":98,"column":6},"end":{"line":114,"column":null}},"34":{"start":{"line":103,"column":8},"end":{"line":103,"column":35}},"35":{"start":{"line":104,"column":13},"end":{"line":114,"column":null}},"36":{"start":{"line":109,"column":8},"end":{"line":109,"column":35}},"37":{"start":{"line":110,"column":13},"end":{"line":114,"column":null}},"38":{"start":{"line":111,"column":8},"end":{"line":111,"column":35}},"39":{"start":{"line":112,"column":13},"end":{"line":114,"column":null}},"40":{"start":{"line":113,"column":8},"end":{"line":113,"column":35}},"41":{"start":{"line":116,"column":4},"end":{"line":116,"column":21}},"42":{"start":{"line":119,"column":2},"end":{"line":119,"column":51}},"43":{"start":{"line":120,"column":2},"end":{"line":120,"column":47}},"44":{"start":{"line":139,"column":2},"end":{"line":165,"column":4}},"45":{"start":{"line":140,"column":4},"end":{"line":164,"column":null}},"46":{"start":{"line":141,"column":6},"end":{"line":155,"column":16}},"47":{"start":{"line":157,"column":6},"end":{"line":163,"column":16}},"48":{"start":{"line":167,"column":2},"end":{"line":182,"column":4}},"49":{"start":{"line":168,"column":19},"end":{"line":172,"column":null}},"50":{"start":{"line":174,"column":4},"end":{"line":180,"column":null}},"51":{"start":{"line":175,"column":6},"end":{"line":175,"column":67}},"52":{"start":{"line":177,"column":6},"end":{"line":177,"column":36}},"53":{"start":{"line":178,"column":6},"end":{"line":179,"column":59}},"54":{"start":{"line":181,"column":4},"end":{"line":181,"column":21}},"55":{"start":{"line":184,"column":2},"end":{"line":199,"column":4}},"56":{"start":{"line":185,"column":20},"end":{"line":185,"column":22}},"57":{"start":{"line":186,"column":33},"end":{"line":189,"column":6}},"58":{"start":{"line":190,"column":4},"end":{"line":197,"column":null}},"59":{"start":{"line":194,"column":6},"end":{"line":194,"column":55}},"60":{"start":{"line":196,"column":6},"end":{"line":196,"column":55}},"61":{"start":{"line":198,"column":4},"end":{"line":198,"column":21}},"62":{"start":{"line":201,"column":2},"end":{"line":224,"column":4}},"63":{"start":{"line":202,"column":34},"end":{"line":202,"column":36}},"64":{"start":{"line":203,"column":22},"end":{"line":203,"column":43}},"65":{"start":{"line":204,"column":23},"end":{"line":204,"column":45}},"66":{"start":{"line":206,"column":4},"end":{"line":222,"column":null}},"67":{"start":{"line":211,"column":6},"end":{"line":211,"column":47}},"68":{"start":{"line":212,"column":11},"end":{"line":222,"column":null}},"69":{"start":{"line":217,"column":6},"end":{"line":217,"column":47}},"70":{"start":{"line":218,"column":11},"end":{"line":222,"column":null}},"71":{"start":{"line":219,"column":6},"end":{"line":219,"column":49}},"72":{"start":{"line":220,"column":11},"end":{"line":222,"column":null}},"73":{"start":{"line":221,"column":6},"end":{"line":221,"column":49}},"74":{"start":{"line":223,"column":4},"end":{"line":223,"column":23}},"75":{"start":{"line":226,"column":2},"end":{"line":228,"column":4}},"76":{"start":{"line":226,"column":65},"end":{"line":228,"column":4}},"77":{"start":{"line":230,"column":2},"end":{"line":252,"column":4}},"78":{"start":{"line":230,"column":65},"end":{"line":252,"column":4}},"79":{"start":{"line":254,"column":2},"end":{"line":283,"column":4}},"80":{"start":{"line":255,"column":4},"end":{"line":282,"column":null}},"81":{"start":{"line":256,"column":33},"end":{"line":256,"column":57}},"82":{"start":{"line":257,"column":6},"end":{"line":259,"column":null}},"83":{"start":{"line":257,"column":19},"end":{"line":257,"column":20}},"84":{"start":{"line":258,"column":8},"end":{"line":258,"column":24}},"85":{"start":{"line":260,"column":6},"end":{"line":269,"column":9}},"86":{"start":{"line":261,"column":8},"end":{"line":268,"column":null}},"87":{"start":{"line":265,"column":10},"end":{"line":265,"column":47}},"88":{"start":{"line":267,"column":10},"end":{"line":267,"column":47}},"89":{"start":{"line":271,"column":6},"end":{"line":281,"column":9}},"90":{"start":{"line":272,"column":24},"end":{"line":272,"column":47}},"91":{"start":{"line":273,"column":8},"end":{"line":280,"column":null}},"92":{"start":{"line":277,"column":10},"end":{"line":277,"column":45}},"93":{"start":{"line":279,"column":10},"end":{"line":279,"column":45}},"94":{"start":{"line":285,"column":2},"end":{"line":289,"column":53}},"95":{"start":{"line":289,"column":22},"end":{"line":289,"column":53}},"96":{"start":{"line":122,"column":9},"end":{"line":133,"column":null}},"97":{"start":{"line":126,"column":4},"end":{"line":131,"column":null}},"98":{"start":{"line":130,"column":6},"end":{"line":130,"column":74}},"99":{"start":{"line":132,"column":4},"end":{"line":132,"column":16}},"100":{"start":{"line":135,"column":2},"end":{"line":137,"column":null}},"101":{"start":{"line":136,"column":4},"end":{"line":136,"column":25}},"102":{"start":{"line":291,"column":2},"end":{"line":301,"column":null}},"103":{"start":{"line":292,"column":10},"end":{"line":292,"column":12}},"104":{"start":{"line":292,"column":12},"end":{"line":292,"column":21}},"105":{"start":{"line":292,"column":23},"end":{"line":292,"column":44}},"106":{"start":{"line":293,"column":12},"end":{"line":293,"column":20}},"107":{"start":{"line":294,"column":18},"end":{"line":294,"column":49}},"108":{"start":{"line":296,"column":4},"end":{"line":300,"column":6}},"109":{"start":{"line":63,"column":9},"end":{"line":63,"column":42}},"110":{"start":{"line":302,"column":0},"end":{"line":302,"column":null}},"111":{"start":{"line":59,"column":13},"end":{"line":59,"column":28}}},"fnMap":{"0":{"name":"(anonymous_9)","decl":{"start":{"line":38,"column":24},"end":{"line":38,"column":25}},"loc":{"start":{"line":41,"column":24},"end":{"line":41,"column":38}}},"1":{"name":"(anonymous_10)","decl":{"start":{"line":46,"column":24},"end":{"line":46,"column":53}},"loc":{"start":{"line":46,"column":24},"end":{"line":46,"column":54}}},"2":{"name":"(anonymous_11)","decl":{"start":{"line":59,"column":0},"end":{"line":59,"column":13}},"loc":{"start":{"line":59,"column":0},"end":{"line":59,"column":13}}},"3":{"name":"(anonymous_13)","decl":{"start":{"line":73,"column":30},"end":{"line":73,"column":null}},"loc":{"start":{"line":73,"column":30},"end":{"line":93,"column":3}}},"4":{"name":"(anonymous_14)","decl":{"start":{"line":95,"column":28},"end":{"line":95,"column":null}},"loc":{"start":{"line":95,"column":28},"end":{"line":117,"column":3}}},"5":{"name":"(anonymous_15)","decl":{"start":{"line":139,"column":18},"end":{"line":139,"column":null}},"loc":{"start":{"line":139,"column":18},"end":{"line":165,"column":3}}},"6":{"name":"(anonymous_16)","decl":{"start":{"line":167,"column":18},"end":{"line":167,"column":19}},"loc":{"start":{"line":167,"column":46},"end":{"line":182,"column":3}}},"7":{"name":"(anonymous_17)","decl":{"start":{"line":184,"column":25},"end":{"line":184,"column":26}},"loc":{"start":{"line":184,"column":53},"end":{"line":199,"column":3}}},"8":{"name":"(anonymous_18)","decl":{"start":{"line":201,"column":21},"end":{"line":201,"column":22}},"loc":{"start":{"line":201,"column":49},"end":{"line":224,"column":3}}},"9":{"name":"(anonymous_19)","decl":{"start":{"line":226,"column":18},"end":{"line":226,"column":19}},"loc":{"start":{"line":226,"column":47},"end":{"line":226,"column":null}}},"10":{"name":"(anonymous_20)","decl":{"start":{"line":230,"column":18},"end":{"line":230,"column":19}},"loc":{"start":{"line":230,"column":47},"end":{"line":230,"column":null}}},"11":{"name":"(anonymous_21)","decl":{"start":{"line":254,"column":13},"end":{"line":254,"column":14}},"loc":{"start":{"line":254,"column":54},"end":{"line":283,"column":3}}},"12":{"name":"(anonymous_22)","decl":{"start":{"line":260,"column":26},"end":{"line":260,"column":27}},"loc":{"start":{"line":260,"column":31},"end":{"line":269,"column":7}}},"13":{"name":"(anonymous_23)","decl":{"start":{"line":271,"column":42},"end":{"line":271,"column":47}},"loc":{"start":{"line":271,"column":47},"end":{"line":281,"column":7}}},"14":{"name":"(anonymous_24)","decl":{"start":{"line":285,"column":17},"end":{"line":285,"column":null}},"loc":{"start":{"line":288,"column":17},"end":{"line":289,"column":23}}},"15":{"name":"(anonymous_25)","decl":{"start":{"line":122,"column":2},"end":{"line":122,"column":9}},"loc":{"start":{"line":124,"column":21},"end":{"line":133,"column":3}}},"16":{"name":"(anonymous_26)","decl":{"start":{"line":135,"column":2},"end":{"line":135,"column":19}},"loc":{"start":{"line":135,"column":2},"end":{"line":137,"column":3}}},"17":{"name":"(anonymous_27)","decl":{"start":{"line":291,"column":2},"end":{"line":291,"column":8}},"loc":{"start":{"line":291,"column":2},"end":{"line":301,"column":3}}}},"branchMap":{"0":{"loc":{"start":{"line":59,"column":0},"end":{"line":59,"column":13}},"type":"binary-expr","locations":[{"start":{"line":59,"column":0},"end":{"line":59,"column":13}},{"start":{"line":59,"column":0},"end":{"line":59,"column":13}},{"start":{"line":59,"column":0},"end":{"line":59,"column":13}}]},"1":{"loc":{"start":{"line":75,"column":4},"end":{"line":91,"column":null}},"type":"if","locations":[{"start":{"line":75,"column":4},"end":{"line":91,"column":null}},{"start":{"line":75,"column":4},"end":{"line":91,"column":null}}]},"2":{"loc":{"start":{"line":76,"column":6},"end":{"line":90,"column":null}},"type":"if","locations":[{"start":{"line":76,"column":6},"end":{"line":90,"column":null}},{"start":{"line":76,"column":6},"end":{"line":90,"column":null}}]},"3":{"loc":{"start":{"line":77,"column":8},"end":{"line":77,"column":58}},"type":"binary-expr","locations":[{"start":{"line":77,"column":8},"end":{"line":77,"column":58}},{"start":{"line":78,"column":8},"end":{"line":78,"column":59}},{"start":{"line":79,"column":8},"end":{"line":79,"column":55}},{"start":{"line":80,"column":8},"end":{"line":80,"column":56}},{"start":{"line":81,"column":8},"end":{"line":81,"column":61}}]},"4":{"loc":{"start":{"line":84,"column":13},"end":{"line":90,"column":null}},"type":"if","locations":[{"start":{"line":84,"column":13},"end":{"line":90,"column":null}},{"start":{"line":84,"column":13},"end":{"line":90,"column":null}}]},"5":{"loc":{"start":{"line":86,"column":13},"end":{"line":90,"column":null}},"type":"if","locations":[{"start":{"line":86,"column":13},"end":{"line":90,"column":null}},{"start":{"line":86,"column":13},"end":{"line":90,"column":null}}]},"6":{"loc":{"start":{"line":88,"column":13},"end":{"line":90,"column":null}},"type":"if","locations":[{"start":{"line":88,"column":13},"end":{"line":90,"column":null}},{"start":{"line":88,"column":13},"end":{"line":90,"column":null}}]},"7":{"loc":{"start":{"line":97,"column":4},"end":{"line":115,"column":null}},"type":"if","locations":[{"start":{"line":97,"column":4},"end":{"line":115,"column":null}},{"start":{"line":97,"column":4},"end":{"line":115,"column":null}}]},"8":{"loc":{"start":{"line":98,"column":6},"end":{"line":114,"column":null}},"type":"if","locations":[{"start":{"line":98,"column":6},"end":{"line":114,"column":null}},{"start":{"line":98,"column":6},"end":{"line":114,"column":null}}]},"9":{"loc":{"start":{"line":99,"column":8},"end":{"line":99,"column":58}},"type":"binary-expr","locations":[{"start":{"line":99,"column":8},"end":{"line":99,"column":58}},{"start":{"line":100,"column":8},"end":{"line":100,"column":59}},{"start":{"line":101,"column":8},"end":{"line":101,"column":60}}]},"10":{"loc":{"start":{"line":104,"column":13},"end":{"line":114,"column":null}},"type":"if","locations":[{"start":{"line":104,"column":13},"end":{"line":114,"column":null}},{"start":{"line":104,"column":13},"end":{"line":114,"column":null}}]},"11":{"loc":{"start":{"line":105,"column":8},"end":{"line":105,"column":55}},"type":"binary-expr","locations":[{"start":{"line":105,"column":8},"end":{"line":105,"column":55}},{"start":{"line":106,"column":8},"end":{"line":106,"column":56}},{"start":{"line":107,"column":8},"end":{"line":107,"column":60}}]},"12":{"loc":{"start":{"line":110,"column":13},"end":{"line":114,"column":null}},"type":"if","locations":[{"start":{"line":110,"column":13},"end":{"line":114,"column":null}},{"start":{"line":110,"column":13},"end":{"line":114,"column":null}}]},"13":{"loc":{"start":{"line":112,"column":13},"end":{"line":114,"column":null}},"type":"if","locations":[{"start":{"line":112,"column":13},"end":{"line":114,"column":null}},{"start":{"line":112,"column":13},"end":{"line":114,"column":null}}]},"14":{"loc":{"start":{"line":140,"column":4},"end":{"line":164,"column":null}},"type":"if","locations":[{"start":{"line":140,"column":4},"end":{"line":164,"column":null}},{"start":{"line":140,"column":4},"end":{"line":164,"column":null}}]},"15":{"loc":{"start":{"line":169,"column":13},"end":{"line":169,"column":29}},"type":"binary-expr","locations":[{"start":{"line":169,"column":13},"end":{"line":169,"column":29}},{"start":{"line":169,"column":33},"end":{"line":169,"column":34}}]},"16":{"loc":{"start":{"line":170,"column":14},"end":{"line":170,"column":31}},"type":"binary-expr","locations":[{"start":{"line":170,"column":14},"end":{"line":170,"column":31}},{"start":{"line":170,"column":35},"end":{"line":170,"column":36}}]},"17":{"loc":{"start":{"line":171,"column":20},"end":{"line":171,"column":43}},"type":"binary-expr","locations":[{"start":{"line":171,"column":20},"end":{"line":171,"column":43}},{"start":{"line":171,"column":47},"end":{"line":171,"column":68}}]},"18":{"loc":{"start":{"line":174,"column":4},"end":{"line":180,"column":null}},"type":"if","locations":[{"start":{"line":174,"column":4},"end":{"line":180,"column":null}},{"start":{"line":174,"column":4},"end":{"line":180,"column":null}}]},"19":{"loc":{"start":{"line":179,"column":8},"end":{"line":179,"column":34}},"type":"binary-expr","locations":[{"start":{"line":179,"column":8},"end":{"line":179,"column":34}},{"start":{"line":179,"column":38},"end":{"line":179,"column":58}}]},"20":{"loc":{"start":{"line":190,"column":4},"end":{"line":197,"column":null}},"type":"if","locations":[{"start":{"line":190,"column":4},"end":{"line":197,"column":null}},{"start":{"line":190,"column":4},"end":{"line":197,"column":null}}]},"21":{"loc":{"start":{"line":191,"column":6},"end":{"line":191,"column":53}},"type":"binary-expr","locations":[{"start":{"line":191,"column":6},"end":{"line":191,"column":53}},{"start":{"line":192,"column":6},"end":{"line":192,"column":54}}]},"22":{"loc":{"start":{"line":203,"column":22},"end":{"line":203,"column":38}},"type":"binary-expr","locations":[{"start":{"line":203,"column":22},"end":{"line":203,"column":38}},{"start":{"line":203,"column":42},"end":{"line":203,"column":43}}]},"23":{"loc":{"start":{"line":204,"column":23},"end":{"line":204,"column":40}},"type":"binary-expr","locations":[{"start":{"line":204,"column":23},"end":{"line":204,"column":40}},{"start":{"line":204,"column":44},"end":{"line":204,"column":45}}]},"24":{"loc":{"start":{"line":206,"column":4},"end":{"line":222,"column":null}},"type":"if","locations":[{"start":{"line":206,"column":4},"end":{"line":222,"column":null}},{"start":{"line":206,"column":4},"end":{"line":222,"column":null}}]},"25":{"loc":{"start":{"line":207,"column":6},"end":{"line":207,"column":57}},"type":"binary-expr","locations":[{"start":{"line":207,"column":6},"end":{"line":207,"column":57}},{"start":{"line":208,"column":6},"end":{"line":208,"column":59}},{"start":{"line":209,"column":6},"end":{"line":209,"column":58}}]},"26":{"loc":{"start":{"line":212,"column":11},"end":{"line":222,"column":null}},"type":"if","locations":[{"start":{"line":212,"column":11},"end":{"line":222,"column":null}},{"start":{"line":212,"column":11},"end":{"line":222,"column":null}}]},"27":{"loc":{"start":{"line":213,"column":6},"end":{"line":213,"column":56}},"type":"binary-expr","locations":[{"start":{"line":213,"column":6},"end":{"line":213,"column":56}},{"start":{"line":214,"column":6},"end":{"line":214,"column":58}},{"start":{"line":215,"column":6},"end":{"line":215,"column":57}}]},"28":{"loc":{"start":{"line":218,"column":11},"end":{"line":222,"column":null}},"type":"if","locations":[{"start":{"line":218,"column":11},"end":{"line":222,"column":null}},{"start":{"line":218,"column":11},"end":{"line":222,"column":null}}]},"29":{"loc":{"start":{"line":220,"column":11},"end":{"line":222,"column":null}},"type":"if","locations":[{"start":{"line":220,"column":11},"end":{"line":222,"column":null}},{"start":{"line":220,"column":11},"end":{"line":222,"column":null}}]},"30":{"loc":{"start":{"line":255,"column":4},"end":{"line":282,"column":null}},"type":"if","locations":[{"start":{"line":255,"column":4},"end":{"line":282,"column":null}},{"start":{"line":255,"column":4},"end":{"line":282,"column":null}}]},"31":{"loc":{"start":{"line":261,"column":8},"end":{"line":268,"column":null}},"type":"if","locations":[{"start":{"line":261,"column":8},"end":{"line":268,"column":null}},{"start":{"line":261,"column":8},"end":{"line":268,"column":null}}]},"32":{"loc":{"start":{"line":262,"column":10},"end":{"line":262,"column":46}},"type":"binary-expr","locations":[{"start":{"line":262,"column":10},"end":{"line":262,"column":46}},{"start":{"line":263,"column":10},"end":{"line":263,"column":45}}]},"33":{"loc":{"start":{"line":272,"column":24},"end":{"line":272,"column":41}},"type":"binary-expr","locations":[{"start":{"line":272,"column":24},"end":{"line":272,"column":41}},{"start":{"line":272,"column":45},"end":{"line":272,"column":47}}]},"34":{"loc":{"start":{"line":273,"column":8},"end":{"line":280,"column":null}},"type":"if","locations":[{"start":{"line":273,"column":8},"end":{"line":280,"column":null}},{"start":{"line":273,"column":8},"end":{"line":280,"column":null}}]},"35":{"loc":{"start":{"line":274,"column":10},"end":{"line":274,"column":46}},"type":"binary-expr","locations":[{"start":{"line":274,"column":10},"end":{"line":274,"column":46}},{"start":{"line":275,"column":10},"end":{"line":275,"column":45}}]},"36":{"loc":{"start":{"line":289,"column":35},"end":{"line":289,"column":40}},"type":"cond-expr","locations":[{"start":{"line":289,"column":35},"end":{"line":289,"column":40}},{"start":{"line":289,"column":43},"end":{"line":289,"column":51}}]},"37":{"loc":{"start":{"line":126,"column":4},"end":{"line":131,"column":null}},"type":"if","locations":[{"start":{"line":126,"column":4},"end":{"line":131,"column":null}},{"start":{"line":126,"column":4},"end":{"line":131,"column":null}}]},"38":{"loc":{"start":{"line":127,"column":6},"end":{"line":127,"column":49}},"type":"binary-expr","locations":[{"start":{"line":127,"column":6},"end":{"line":127,"column":49}},{"start":{"line":128,"column":6},"end":{"line":128,"column":43}}]}},"s":{"0":1,"1":1,"2":1,"3":1,"4":1,"5":1,"6":1,"7":1,"8":1,"9":1,"10":1,"11":1,"12":1,"13":1,"14":1,"15":1,"16":1,"17":1,"18":1,"19":1,"20":1,"21":1,"22":1,"23":0,"24":0,"25":0,"26":0,"27":0,"28":0,"29":1,"30":1,"31":1,"32":1,"33":1,"34":1,"35":0,"36":0,"37":0,"38":0,"39":0,"40":0,"41":1,"42":1,"43":1,"44":1,"45":1,"46":0,"47":1,"48":1,"49":0,"50":0,"51":0,"52":0,"53":0,"54":0,"55":1,"56":0,"57":0,"58":0,"59":0,"60":0,"61":0,"62":1,"63":0,"64":0,"65":0,"66":0,"67":0,"68":0,"69":0,"70":0,"71":0,"72":0,"73":0,"74":0,"75":1,"76":0,"77":1,"78":0,"79":1,"80":1,"81":0,"82":0,"83":0,"84":0,"85":0,"86":0,"87":0,"88":0,"89":1,"90":0,"91":0,"92":0,"93":0,"94":1,"95":1,"96":1,"97":1,"98":0,"99":1,"100":1,"101":1,"102":1,"103":1,"104":1,"105":1,"106":1,"107":1,"108":1,"109":1,"110":1,"111":1},"f":{"0":1,"1":1,"2":2,"3":1,"4":1,"5":1,"6":0,"7":0,"8":0,"9":0,"10":0,"11":1,"12":0,"13":0,"14":1,"15":1,"16":1,"17":1},"b":{"0":[1,1,1],"1":[1,0],"2":[1,0],"3":[1,1,0,0,0],"4":[0,0],"5":[0,0],"6":[0,0],"7":[1,0],"8":[1,0],"9":[1,1,0],"10":[0,0],"11":[0,0,0],"12":[0,0],"13":[0,0],"14":[0,1],"15":[0,0],"16":[0,0],"17":[0,0],"18":[0,0],"19":[0,0],"20":[0,0],"21":[0,0],"22":[0,0],"23":[0,0],"24":[0,0],"25":[0,0,0],"26":[0,0],"27":[0,0,0],"28":[0,0],"29":[0,0],"30":[0,1],"31":[0,0],"32":[0,0],"33":[0,0],"34":[0,0],"35":[0,0],"36":[1,0],"37":[0,1],"38":[1,1]}}
}
