TN:
SF:C:\Users\Alexandre Zajac\Desktop\Programmation\Training\react-native-skeleton-content-nonexpo\src\Constants.ts
FNF:0
FNH:0
DA:1,1
DA:47,1
DA:48,1
DA:49,1
DA:50,1
DA:52,1
DA:53,1
DA:54,1
DA:55,1
DA:56,1
LF:10
LH:10
BRF:0
BRH:0
end_of_record
TN:
SF:C:\Users\Alexandre Zajac\Desktop\Programmation\Training\react-native-skeleton-content-nonexpo\src\SkeletonContent.tsx
FN:38,(anonymous_9)
FN:46,(anonymous_10)
FN:59,(anonymous_11)
FN:73,(anonymous_13)
FN:95,(anonymous_14)
FN:139,(anonymous_15)
FN:167,(anonymous_16)
FN:184,(anonymous_17)
FN:201,(anonymous_18)
FN:226,(anonymous_19)
FN:230,(anonymous_20)
FN:254,(anonymous_21)
FN:260,(anonymous_22)
FN:271,(anonymous_23)
FN:285,(anonymous_24)
FN:122,(anonymous_25)
FN:135,(anonymous_26)
FN:291,(anonymous_27)
FNF:18
FNH:11
FNDA:1,(anonymous_9)
FNDA:1,(anonymous_10)
FNDA:2,(anonymous_11)
FNDA:1,(anonymous_13)
FNDA:1,(anonymous_14)
FNDA:1,(anonymous_15)
FNDA:0,(anonymous_16)
FNDA:0,(anonymous_17)
FNDA:0,(anonymous_18)
FNDA:0,(anonymous_19)
FNDA:0,(anonymous_20)
FNDA:1,(anonymous_21)
FNDA:0,(anonymous_22)
FNDA:0,(anonymous_23)
FNDA:1,(anonymous_24)
FNDA:1,(anonymous_25)
FNDA:1,(anonymous_26)
FNDA:1,(anonymous_27)
DA:1,1
DA:2,1
DA:3,1
DA:4,1
DA:22,1
DA:38,1
DA:39,1
DA:40,1
DA:41,1
DA:46,1
DA:59,1
DA:63,1
DA:64,1
DA:66,1
DA:67,1
DA:68,1
DA:73,1
DA:74,1
DA:75,1
DA:76,1
DA:83,1
DA:84,0
DA:85,0
DA:86,0
DA:87,0
DA:88,0
DA:89,0
DA:92,1
DA:95,1
DA:96,1
DA:97,1
DA:98,1
DA:103,1
DA:104,0
DA:109,0
DA:110,0
DA:111,0
DA:112,0
DA:113,0
DA:116,1
DA:119,1
DA:120,1
DA:122,1
DA:126,1
DA:130,0
DA:132,1
DA:135,1
DA:136,1
DA:139,1
DA:140,1
DA:141,0
DA:157,1
DA:167,1
DA:168,0
DA:174,0
DA:175,0
DA:177,0
DA:178,0
DA:181,0
DA:184,1
DA:185,0
DA:186,0
DA:190,0
DA:194,0
DA:196,0
DA:198,0
DA:201,1
DA:202,0
DA:203,0
DA:204,0
DA:206,0
DA:211,0
DA:212,0
DA:217,0
DA:218,0
DA:219,0
DA:220,0
DA:221,0
DA:223,0
DA:226,1
DA:230,1
DA:254,1
DA:255,1
DA:256,0
DA:257,0
DA:258,0
DA:260,0
DA:261,0
DA:265,0
DA:267,0
DA:271,1
DA:272,0
DA:273,0
DA:277,0
DA:279,0
DA:285,1
DA:289,1
DA:291,1
DA:292,1
DA:293,1
DA:294,1
DA:296,1
DA:302,1
LF:103
LH:54
BRDA:59,0,0,1
BRDA:59,0,1,1
BRDA:59,0,2,1
BRDA:75,1,0,1
BRDA:75,1,1,0
BRDA:76,2,0,1
BRDA:76,2,1,0
BRDA:77,3,0,1
BRDA:77,3,1,1
BRDA:77,3,2,0
BRDA:77,3,3,0
BRDA:77,3,4,0
BRDA:84,4,0,0
BRDA:84,4,1,0
BRDA:86,5,0,0
BRDA:86,5,1,0
BRDA:88,6,0,0
BRDA:88,6,1,0
BRDA:97,7,0,1
BRDA:97,7,1,0
BRDA:98,8,0,1
BRDA:98,8,1,0
BRDA:99,9,0,1
BRDA:99,9,1,1
BRDA:99,9,2,0
BRDA:104,10,0,0
BRDA:104,10,1,0
BRDA:105,11,0,0
BRDA:105,11,1,0
BRDA:105,11,2,0
BRDA:110,12,0,0
BRDA:110,12,1,0
BRDA:112,13,0,0
BRDA:112,13,1,0
BRDA:140,14,0,0
BRDA:140,14,1,1
BRDA:169,15,0,0
BRDA:169,15,1,0
BRDA:170,16,0,0
BRDA:170,16,1,0
BRDA:171,17,0,0
BRDA:171,17,1,0
BRDA:174,18,0,0
BRDA:174,18,1,0
BRDA:179,19,0,0
BRDA:179,19,1,0
BRDA:190,20,0,0
BRDA:190,20,1,0
BRDA:191,21,0,0
BRDA:191,21,1,0
BRDA:203,22,0,0
BRDA:203,22,1,0
BRDA:204,23,0,0
BRDA:204,23,1,0
BRDA:206,24,0,0
BRDA:206,24,1,0
BRDA:207,25,0,0
BRDA:207,25,1,0
BRDA:207,25,2,0
BRDA:212,26,0,0
BRDA:212,26,1,0
BRDA:213,27,0,0
BRDA:213,27,1,0
BRDA:213,27,2,0
BRDA:218,28,0,0
BRDA:218,28,1,0
BRDA:220,29,0,0
BRDA:220,29,1,0
BRDA:255,30,0,0
BRDA:255,30,1,1
BRDA:261,31,0,0
BRDA:261,31,1,0
BRDA:262,32,0,0
BRDA:262,32,1,0
BRDA:272,33,0,0
BRDA:272,33,1,0
BRDA:273,34,0,0
BRDA:273,34,1,0
BRDA:274,35,0,0
BRDA:274,35,1,0
BRDA:289,36,0,1
BRDA:289,36,1,0
BRDA:126,37,0,0
BRDA:126,37,1,1
BRDA:127,38,0,1
BRDA:127,38,1,1
BRF:86
BRH:17
end_of_record
